2024-10-21T05:21:59: PM2 log: ===============================================================================
2024-10-21T05:21:59: PM2 log: --- New PM2 Daemon started ----------------------------------------------------
2024-10-21T05:21:59: PM2 log: Time                 : Mon Oct 21 2024 05:21:59 GMT-0400 (Eastern Daylight Time)
2024-10-21T05:21:59: PM2 log: PM2 version          : 5.4.2
2024-10-21T05:21:59: PM2 log: Node.js version      : 20.18.0
2024-10-21T05:21:59: PM2 log: Current arch         : x64
2024-10-21T05:21:59: PM2 log: PM2 home             : /home/container/.pm2
2024-10-21T05:21:59: PM2 log: PM2 PID file         : /home/container/.pm2/pm2.pid
2024-10-21T05:21:59: PM2 log: RPC socket file      : /home/container/.pm2/rpc.sock
2024-10-21T05:21:59: PM2 log: BUS socket file      : /home/container/.pm2/pub.sock
2024-10-21T05:21:59: PM2 log: Application log path : /home/container/.pm2/logs
2024-10-21T05:21:59: PM2 log: Worker Interval      : 30000
2024-10-21T05:21:59: PM2 log: Process dump file    : /home/container/.pm2/dump.pm2
2024-10-21T05:21:59: PM2 log: Concurrent actions   : 2
2024-10-21T05:21:59: PM2 log: SIGTERM timeout      : 1600
2024-10-21T05:21:59: PM2 log: ===============================================================================
2024-10-21T05:21:59: PM2 log: App [index:0] starting in -fork mode-
2024-10-21T05:21:59: PM2 log: App [index:0] online
2024-10-21T05:22:00: PM2 log: App [index:0] exited with code [1] via signal [SIGINT]
2024-10-21T05:22:00: PM2 log: App [index:0] starting in -fork mode-
2024-10-21T05:22:00: PM2 log: App [index:0] online
2024-10-21T05:22:00: PM2 log: App [index:0] exited with code [1] via signal [SIGINT]
2024-10-21T05:22:00: PM2 log: App [index:0] starting in -fork mode-
2024-10-21T05:22:00: PM2 log: App [index:0] online
2024-10-21T05:22:00: PM2 log: App [index:0] exited with code [1] via signal [SIGINT]
2024-10-21T05:22:01: PM2 log: App [index:0] starting in -fork mode-
2024-10-21T05:22:01: PM2 log: App [index:0] online
2024-10-21T05:22:01: PM2 log: App [index:0] exited with code [1] via signal [SIGINT]
2024-10-21T05:22:01: PM2 log: App [index:0] starting in -fork mode-
2024-10-21T05:22:01: PM2 log: App [index:0] online
2024-10-21T05:22:01: PM2 log: App [index:0] exited with code [1] via signal [SIGINT]
2024-10-21T05:22:01: PM2 log: App [index:0] starting in -fork mode-
2024-10-21T05:22:01: PM2 log: App [index:0] online
2024-10-21T05:22:02: PM2 log: App [index:0] exited with code [1] via signal [SIGINT]
2024-10-21T05:22:02: PM2 log: App [index:0] starting in -fork mode-
2024-10-21T05:22:02: PM2 log: App [index:0] online
2024-10-21T05:22:03: PM2 log: App [index:0] exited with code [1] via signal [SIGINT]
2024-10-21T05:22:03: PM2 log: App [index:0] starting in -fork mode-
2024-10-21T05:22:03: PM2 log: App [index:0] online
2024-10-21T05:22:03: PM2 log: App [index:0] exited with code [1] via signal [SIGINT]
2024-10-21T05:22:03: PM2 log: App [index:0] starting in -fork mode-
2024-10-21T05:22:03: PM2 log: App [index:0] online
2024-10-21T05:22:03: PM2 log: App [index:0] exited with code [1] via signal [SIGINT]
2024-10-21T05:22:03: PM2 log: App [index:0] starting in -fork mode-
2024-10-21T05:22:03: PM2 log: App [index:0] online
2024-10-21T05:22:04: PM2 log: App [index:0] exited with code [1] via signal [SIGINT]
2024-10-21T05:22:04: PM2 log: App [index:0] starting in -fork mode-
2024-10-21T05:22:04: PM2 log: App [index:0] online
2024-10-21T05:22:04: PM2 log: App [index:0] exited with code [1] via signal [SIGINT]
2024-10-21T05:22:04: PM2 log: App [index:0] starting in -fork mode-
2024-10-21T05:22:04: PM2 log: App [index:0] online
2024-10-21T05:22:04: PM2 log: App [index:0] exited with code [1] via signal [SIGINT]
2024-10-21T05:22:04: PM2 log: App [index:0] starting in -fork mode-
2024-10-21T05:22:04: PM2 log: App [index:0] online
2024-10-21T05:22:04: PM2 log: App [index:0] exited with code [1] via signal [SIGINT]
2024-10-21T05:22:04: PM2 log: App [index:0] starting in -fork mode-
2024-10-21T05:22:04: PM2 log: App [index:0] online
2024-10-21T05:22:05: PM2 log: App [index:0] exited with code [1] via signal [SIGINT]
2024-10-21T05:22:05: PM2 log: App [index:0] starting in -fork mode-
2024-10-21T05:22:05: PM2 log: App [index:0] online
2024-10-21T05:22:05: PM2 log: App [index:0] exited with code [1] via signal [SIGINT]
2024-10-21T05:22:05: PM2 log: App [index:0] starting in -fork mode-
2024-10-21T05:22:05: PM2 log: App [index:0] online
2024-10-21T05:22:05: PM2 log: App [index:0] exited with code [1] via signal [SIGINT]
2024-10-21T05:22:05: PM2 log: Script /home/container/index.js had too many unstable restarts (16). Stopped. "errored"
2024-10-21T05:26:55: PM2 log: ===============================================================================
2024-10-21T05:26:55: PM2 log: --- New PM2 Daemon started ----------------------------------------------------
2024-10-21T05:26:55: PM2 log: Time                 : Mon Oct 21 2024 05:26:55 GMT-0400 (Eastern Daylight Time)
2024-10-21T05:26:55: PM2 log: PM2 version          : 5.4.2
2024-10-21T05:26:55: PM2 log: Node.js version      : 20.18.0
2024-10-21T05:26:55: PM2 log: Current arch         : x64
2024-10-21T05:26:55: PM2 log: PM2 home             : /home/container/.pm2
2024-10-21T05:26:55: PM2 log: PM2 PID file         : /home/container/.pm2/pm2.pid
2024-10-21T05:26:55: PM2 log: RPC socket file      : /home/container/.pm2/rpc.sock
2024-10-21T05:26:55: PM2 log: BUS socket file      : /home/container/.pm2/pub.sock
2024-10-21T05:26:55: PM2 log: Application log path : /home/container/.pm2/logs
2024-10-21T05:26:55: PM2 log: Worker Interval      : 30000
2024-10-21T05:26:55: PM2 log: Process dump file    : /home/container/.pm2/dump.pm2
2024-10-21T05:26:55: PM2 log: Concurrent actions   : 2
2024-10-21T05:26:55: PM2 log: SIGTERM timeout      : 1600
2024-10-21T05:26:55: PM2 log: ===============================================================================
2024-10-21T05:27:00: PM2 log: App [index:0] starting in -fork mode-
2024-10-21T05:27:00: PM2 log: App [index:0] online
2024-10-21T07:46:21: PM2 log: Process 0 in a stopped status, starting it
2024-10-21T07:46:21: PM2 log: Stopping app:index id:0
2024-10-21T07:46:21: PM2 log: Process 0 in a stopped status, starting it
2024-10-21T07:46:21: PM2 error: Process with pid 11004 already exists
2024-10-21T07:46:21: PM2 log: Process 0 in a stopped status, starting it
2024-10-21T07:46:21: PM2 error: Process with pid 11004 already exists
2024-10-21T07:46:22: PM2 log: App [index:0] exited with code [0] via signal [SIGINT]
2024-10-21T07:46:22: PM2 log: pid=11004 msg=process killed
2024-10-21T07:46:22: PM2 log: App [index:0] starting in -fork mode-
2024-10-21T07:46:22: PM2 log: App [index:0] online
2024-10-21T07:49:30: PM2 log: Process 0 in a stopped status, starting it
2024-10-21T07:49:30: PM2 log: Stopping app:index id:0
2024-10-21T07:49:30: PM2 log: App [index:0] exited with code [0] via signal [SIGINT]
2024-10-21T07:49:30: PM2 log: pid=11032 msg=process killed
2024-10-21T07:49:30: PM2 log: App [index:0] starting in -fork mode-
2024-10-21T07:49:30: PM2 log: App [index:0] online
2024-10-21T07:56:20: PM2 log: Process 0 in a stopped status, starting it
2024-10-21T07:56:20: PM2 log: Stopping app:index id:0
2024-10-21T07:56:20: PM2 log: App [index:0] exited with code [0] via signal [SIGINT]
2024-10-21T07:56:20: PM2 log: pid=11045 msg=process killed
2024-10-21T07:56:20: PM2 log: App [index:0] starting in -fork mode-
2024-10-21T07:56:20: PM2 log: App [index:0] online
2024-10-21T07:56:28: PM2 log: Process 0 in a stopped status, starting it
2024-10-21T07:56:28: PM2 log: Stopping app:index id:0
2024-10-21T07:56:28: PM2 log: App [index:0] exited with code [0] via signal [SIGINT]
2024-10-21T07:56:28: PM2 log: pid=11058 msg=process killed
2024-10-21T07:56:28: PM2 log: App [index:0] starting in -fork mode-
2024-10-21T07:56:28: PM2 log: App [index:0] online
2024-10-21T07:56:28: PM2 log: Process 0 in a stopped status, starting it
2024-10-21T07:56:28: PM2 log: Stopping app:index id:0
2024-10-21T07:56:28: PM2 log: App [index:0] exited with code [0] via signal [SIGINT]
2024-10-21T07:56:29: PM2 log: pid=11071 msg=process killed
2024-10-21T07:56:29: PM2 log: App [index:0] starting in -fork mode-
2024-10-21T07:56:29: PM2 log: App [index:0] online
2024-10-21T07:56:31: PM2 log: Process 0 in a stopped status, starting it
2024-10-21T07:56:31: PM2 log: Stopping app:index id:0
2024-10-21T07:56:31: PM2 log: App [index:0] exited with code [0] via signal [SIGINT]
2024-10-21T07:56:31: PM2 log: pid=11083 msg=process killed
2024-10-21T07:56:31: PM2 log: App [index:0] starting in -fork mode-
2024-10-21T07:56:31: PM2 log: App [index:0] online
2024-10-21T08:21:40: PM2 log: Process 0 in a stopped status, starting it
2024-10-21T08:21:40: PM2 log: Stopping app:index id:0
2024-10-21T08:21:40: PM2 log: App [index:0] exited with code [0] via signal [SIGINT]
2024-10-21T08:21:40: PM2 log: pid=11095 msg=process killed
2024-10-21T08:21:40: PM2 log: App [index:0] starting in -fork mode-
2024-10-21T08:21:40: PM2 log: App [index:0] online
2024-10-21T16:59:54: PM2 log: Process 0 in a stopped status, starting it
2024-10-21T16:59:54: PM2 log: Stopping app:index id:0
2024-10-21T16:59:55: PM2 log: App [index:0] exited with code [0] via signal [SIGINT]
2024-10-21T16:59:55: PM2 log: pid=11108 msg=process killed
2024-10-21T16:59:55: PM2 log: App [index:0] starting in -fork mode-
2024-10-21T16:59:55: PM2 log: App [index:0] online
2024-10-21T17:01:38: PM2 log: Process 0 in a stopped status, starting it
2024-10-21T17:01:39: PM2 log: Stopping app:index id:0
2024-10-21T17:02:16: PM2 log: App [index:0] exited with code [0] via signal [SIGINT]
2024-10-21T17:02:17: PM2 log: pid=11121 msg=process killed
2024-10-21T17:02:17: PM2 log: App [index:0] starting in -fork mode-
2024-10-21T17:02:17: PM2 log: App [index:0] online
2024-10-21T17:02:17: PM2 log: Process 0 in a stopped status, starting it
2024-10-21T17:02:17: PM2 log: Stopping app:index id:0
2024-10-21T17:02:17: PM2 log: Process 0 in a stopped status, starting it
2024-10-21T17:02:18: PM2 error: Process with pid 11134 already exists
2024-10-21T17:02:18: PM2 error: Cancelling versioning data parsing
2024-10-21T17:02:18: PM2 log: App [index:0] exited with code [0] via signal [SIGINT]
2024-10-21T17:02:18: PM2 log: pid=11134 msg=process killed
2024-10-21T17:02:18: PM2 log: App [index:0] starting in -fork mode-
2024-10-21T17:02:18: PM2 log: App [index:0] online
2024-10-21T17:03:28: PM2 log: Process 0 in a stopped status, starting it
2024-10-21T17:03:28: PM2 log: Stopping app:index id:0
2024-10-21T17:03:34: PM2 log: App [index:0] exited with code [0] via signal [SIGINT]
2024-10-21T17:03:35: PM2 log: pid=11136 msg=process killed
2024-10-21T17:03:35: PM2 log: App [index:0] starting in -fork mode-
2024-10-21T17:03:37: PM2 log: App [index:0] online
2024-10-21T17:14:24: PM2 log: ===============================================================================
2024-10-21T17:14:24: PM2 log: --- New PM2 Daemon started ----------------------------------------------------
2024-10-21T17:14:24: PM2 log: Time                 : Mon Oct 21 2024 17:14:24 GMT-0400 (Eastern Daylight Time)
2024-10-21T17:14:24: PM2 log: PM2 version          : 5.4.2
2024-10-21T17:14:24: PM2 log: Node.js version      : 20.18.0
2024-10-21T17:14:24: PM2 log: Current arch         : x64
2024-10-21T17:14:24: PM2 log: PM2 home             : /home/container/.pm2
2024-10-21T17:14:24: PM2 log: PM2 PID file         : /home/container/.pm2/pm2.pid
2024-10-21T17:14:24: PM2 log: RPC socket file      : /home/container/.pm2/rpc.sock
2024-10-21T17:14:24: PM2 log: BUS socket file      : /home/container/.pm2/pub.sock
2024-10-21T17:14:24: PM2 log: Application log path : /home/container/.pm2/logs
2024-10-21T17:14:24: PM2 log: Worker Interval      : 30000
2024-10-21T17:14:24: PM2 log: Process dump file    : /home/container/.pm2/dump.pm2
2024-10-21T17:14:24: PM2 log: Concurrent actions   : 2
2024-10-21T17:14:24: PM2 log: SIGTERM timeout      : 1600
2024-10-21T17:14:24: PM2 log: ===============================================================================
2024-10-21T17:14:31: PM2 log: App [index:0] starting in -fork mode-
2024-10-21T17:14:31: PM2 log: App [index:0] online
2024-10-21T17:23:33: PM2 log: ===============================================================================
2024-10-21T17:23:33: PM2 log: --- New PM2 Daemon started ----------------------------------------------------
2024-10-21T17:23:33: PM2 log: Time                 : Mon Oct 21 2024 17:23:33 GMT-0400 (Eastern Daylight Time)
2024-10-21T17:23:33: PM2 log: PM2 version          : 5.4.2
2024-10-21T17:23:33: PM2 log: Node.js version      : 20.18.0
2024-10-21T17:23:33: PM2 log: Current arch         : x64
2024-10-21T17:23:33: PM2 log: PM2 home             : /home/container/.pm2
2024-10-21T17:23:33: PM2 log: PM2 PID file         : /home/container/.pm2/pm2.pid
2024-10-21T17:23:33: PM2 log: RPC socket file      : /home/container/.pm2/rpc.sock
2024-10-21T17:23:33: PM2 log: BUS socket file      : /home/container/.pm2/pub.sock
2024-10-21T17:23:33: PM2 log: Application log path : /home/container/.pm2/logs
2024-10-21T17:23:33: PM2 log: Worker Interval      : 30000
2024-10-21T17:23:33: PM2 log: Process dump file    : /home/container/.pm2/dump.pm2
2024-10-21T17:23:33: PM2 log: Concurrent actions   : 2
2024-10-21T17:23:33: PM2 log: SIGTERM timeout      : 1600
2024-10-21T17:23:33: PM2 log: ===============================================================================
2024-10-21T17:23:33: PM2 log: App [echo bot :0] starting in -cluster mode-
2024-10-21T17:23:33: PM2 log: App [echo bot :0] online
2024-10-21T17:24:51: PM2 log: ===============================================================================
2024-10-21T17:24:51: PM2 log: --- New PM2 Daemon started ----------------------------------------------------
2024-10-21T17:24:51: PM2 log: Time                 : Mon Oct 21 2024 17:24:51 GMT-0400 (Eastern Daylight Time)
2024-10-21T17:24:51: PM2 log: PM2 version          : 5.4.2
2024-10-21T17:24:51: PM2 log: Node.js version      : 20.18.0
2024-10-21T17:24:52: PM2 log: Current arch         : x64
2024-10-21T17:24:52: PM2 log: PM2 home             : /home/container/.pm2
2024-10-21T17:24:52: PM2 log: PM2 PID file         : /home/container/.pm2/pm2.pid
2024-10-21T17:24:52: PM2 log: RPC socket file      : /home/container/.pm2/rpc.sock
2024-10-21T17:24:52: PM2 log: BUS socket file      : /home/container/.pm2/pub.sock
2024-10-21T17:24:52: PM2 log: Application log path : /home/container/.pm2/logs
2024-10-21T17:24:52: PM2 log: Worker Interval      : 30000
2024-10-21T17:24:52: PM2 log: Process dump file    : /home/container/.pm2/dump.pm2
2024-10-21T17:24:52: PM2 log: Concurrent actions   : 2
2024-10-21T17:24:52: PM2 log: SIGTERM timeout      : 1600
2024-10-21T17:24:52: PM2 log: ===============================================================================
2024-10-21T17:24:52: PM2 log: App [echo bot :0] starting in -cluster mode-
2024-10-21T17:24:52: PM2 log: App [echo bot :0] online
2024-10-21T17:52:56: PM2 log: ===============================================================================
2024-10-21T17:52:57: PM2 log: --- New PM2 Daemon started ----------------------------------------------------
2024-10-21T17:52:57: PM2 log: Time                 : Mon Oct 21 2024 17:52:57 GMT-0400 (Eastern Daylight Time)
2024-10-21T17:52:57: PM2 log: PM2 version          : 5.4.2
2024-10-21T17:52:57: PM2 log: Node.js version      : 20.18.0
2024-10-21T17:52:57: PM2 log: Current arch         : x64
2024-10-21T17:52:57: PM2 log: PM2 home             : /home/container/.pm2
2024-10-21T17:52:57: PM2 log: PM2 PID file         : /home/container/.pm2/pm2.pid
2024-10-21T17:52:57: PM2 log: RPC socket file      : /home/container/.pm2/rpc.sock
2024-10-21T17:52:57: PM2 log: BUS socket file      : /home/container/.pm2/pub.sock
2024-10-21T17:52:57: PM2 log: Application log path : /home/container/.pm2/logs
2024-10-21T17:52:57: PM2 log: Worker Interval      : 30000
2024-10-21T17:52:57: PM2 log: Process dump file    : /home/container/.pm2/dump.pm2
2024-10-21T17:52:57: PM2 log: Concurrent actions   : 2
2024-10-21T17:52:57: PM2 log: SIGTERM timeout      : 1600
2024-10-21T17:52:57: PM2 log: ===============================================================================
2024-10-21T17:52:59: PM2 log: App [echo bot :0] starting in -cluster mode-
2024-10-21T17:52:59: PM2 log: App [echo bot :0] online
2024-10-21T17:53:08: PM2 log: ===============================================================================
2024-10-21T17:53:08: PM2 log: --- New PM2 Daemon started ----------------------------------------------------
2024-10-21T17:53:08: PM2 log: Time                 : Mon Oct 21 2024 17:53:08 GMT-0400 (Eastern Daylight Time)
2024-10-21T17:53:08: PM2 log: PM2 version          : 5.4.2
2024-10-21T17:53:08: PM2 log: Node.js version      : 20.18.0
2024-10-21T17:53:08: PM2 log: Current arch         : x64
2024-10-21T17:53:08: PM2 log: PM2 home             : /home/container/.pm2
2024-10-21T17:53:08: PM2 log: PM2 PID file         : /home/container/.pm2/pm2.pid
2024-10-21T17:53:08: PM2 log: RPC socket file      : /home/container/.pm2/rpc.sock
2024-10-21T17:53:08: PM2 log: BUS socket file      : /home/container/.pm2/pub.sock
2024-10-21T17:53:08: PM2 log: Application log path : /home/container/.pm2/logs
2024-10-21T17:53:08: PM2 log: Worker Interval      : 30000
2024-10-21T17:53:08: PM2 log: Process dump file    : /home/container/.pm2/dump.pm2
2024-10-21T17:53:08: PM2 log: Concurrent actions   : 2
2024-10-21T17:53:08: PM2 log: SIGTERM timeout      : 1600
2024-10-21T17:53:08: PM2 log: ===============================================================================
2024-10-21T17:53:08: PM2 log: App [echo bot :0] starting in -cluster mode-
2024-10-21T17:53:08: PM2 log: App [echo bot :0] online
2024-10-21T17:53:41: PM2 log: ===============================================================================
2024-10-21T17:53:41: PM2 log: --- New PM2 Daemon started ----------------------------------------------------
2024-10-21T17:53:41: PM2 log: Time                 : Mon Oct 21 2024 17:53:41 GMT-0400 (Eastern Daylight Time)
2024-10-21T17:53:41: PM2 log: PM2 version          : 5.4.2
2024-10-21T17:53:41: PM2 log: Node.js version      : 20.18.0
2024-10-21T17:53:41: PM2 log: Current arch         : x64
2024-10-21T17:53:41: PM2 log: PM2 home             : /home/container/.pm2
2024-10-21T17:53:41: PM2 log: PM2 PID file         : /home/container/.pm2/pm2.pid
2024-10-21T17:53:41: PM2 log: RPC socket file      : /home/container/.pm2/rpc.sock
2024-10-21T17:53:41: PM2 log: BUS socket file      : /home/container/.pm2/pub.sock
2024-10-21T17:53:41: PM2 log: Application log path : /home/container/.pm2/logs
2024-10-21T17:53:41: PM2 log: Worker Interval      : 30000
2024-10-21T17:53:41: PM2 log: Process dump file    : /home/container/.pm2/dump.pm2
2024-10-21T17:53:41: PM2 log: Concurrent actions   : 2
2024-10-21T17:53:41: PM2 log: SIGTERM timeout      : 1600
2024-10-21T17:53:41: PM2 log: ===============================================================================
2024-10-21T17:53:41: PM2 log: pm2 has been killed by signal, dumping process list before exit...
2024-10-21T17:53:41: PM2 log: Exited peacefully
2024-10-21T17:54:22: PM2 log: ===============================================================================
2024-10-21T17:54:22: PM2 log: --- New PM2 Daemon started ----------------------------------------------------
2024-10-21T17:54:22: PM2 log: Time                 : Mon Oct 21 2024 17:54:22 GMT-0400 (Eastern Daylight Time)
2024-10-21T17:54:22: PM2 log: PM2 version          : 5.4.2
2024-10-21T17:54:22: PM2 log: Node.js version      : 20.18.0
2024-10-21T17:54:22: PM2 log: Current arch         : x64
2024-10-21T17:54:22: PM2 log: PM2 home             : /home/container/.pm2
2024-10-21T17:54:22: PM2 log: PM2 PID file         : /home/container/.pm2/pm2.pid
2024-10-21T17:54:22: PM2 log: RPC socket file      : /home/container/.pm2/rpc.sock
2024-10-21T17:54:22: PM2 log: BUS socket file      : /home/container/.pm2/pub.sock
2024-10-21T17:54:22: PM2 log: Application log path : /home/container/.pm2/logs
2024-10-21T17:54:22: PM2 log: Worker Interval      : 30000
2024-10-21T17:54:22: PM2 log: Process dump file    : /home/container/.pm2/dump.pm2
2024-10-21T17:54:22: PM2 log: Concurrent actions   : 2
2024-10-21T17:54:22: PM2 log: SIGTERM timeout      : 1600
2024-10-21T17:54:22: PM2 log: ===============================================================================
2024-10-21T17:54:22: PM2 log: App [echo bot :0] starting in -cluster mode-
2024-10-21T17:54:22: PM2 log: App [echo bot :0] online
2024-10-22T04:53:03: PM2 log: App name:echo bot  id:0 disconnected
2024-10-22T04:53:03: PM2 log: App [echo bot :0] exited with code [0] via signal [SIGKILL]
2024-10-22T04:53:03: PM2 log: App [echo bot :0] starting in -cluster mode-
2024-10-22T04:53:04: PM2 log: App [echo bot :0] online
2024-10-22T19:08:53: PM2 log: ===============================================================================
2024-10-22T19:08:53: PM2 log: --- New PM2 Daemon started ----------------------------------------------------
2024-10-22T19:08:53: PM2 log: Time                 : Tue Oct 22 2024 19:08:53 GMT+0000 (Coordinated Universal Time)
2024-10-22T19:08:53: PM2 log: PM2 version          : 5.4.2
2024-10-22T19:08:53: PM2 log: Node.js version      : 20.18.0
2024-10-22T19:08:53: PM2 log: Current arch         : x64
2024-10-22T19:08:53: PM2 log: PM2 home             : /home/container/.pm2
2024-10-22T19:08:53: PM2 log: PM2 PID file         : /home/container/.pm2/pm2.pid
2024-10-22T19:08:53: PM2 log: RPC socket file      : /home/container/.pm2/rpc.sock
2024-10-22T19:08:53: PM2 log: BUS socket file      : /home/container/.pm2/pub.sock
2024-10-22T19:08:53: PM2 log: Application log path : /home/container/.pm2/logs
2024-10-22T19:08:53: PM2 log: Worker Interval      : 30000
2024-10-22T19:08:53: PM2 log: Process dump file    : /home/container/.pm2/dump.pm2
2024-10-22T19:08:53: PM2 log: Concurrent actions   : 2
2024-10-22T19:08:53: PM2 log: SIGTERM timeout      : 1600
2024-10-22T19:08:53: PM2 log: ===============================================================================
2024-10-22T19:08:54: PM2 log: App [echo bot :0] starting in -cluster mode-
2024-10-22T19:08:54: PM2 log: App [echo bot :0] online
2024-10-24T18:08:38: PM2 log: ===============================================================================
2024-10-24T18:08:38: PM2 log: --- New PM2 Daemon started ----------------------------------------------------
2024-10-24T18:08:38: PM2 log: Time                 : Thu Oct 24 2024 18:08:38 GMT+0000 (Coordinated Universal Time)
2024-10-24T18:08:38: PM2 log: PM2 version          : 5.4.2
2024-10-24T18:08:38: PM2 log: Node.js version      : 20.18.0
2024-10-24T18:08:38: PM2 log: Current arch         : x64
2024-10-24T18:08:38: PM2 log: PM2 home             : /home/container/.pm2
2024-10-24T18:08:38: PM2 log: PM2 PID file         : /home/container/.pm2/pm2.pid
2024-10-24T18:08:38: PM2 log: RPC socket file      : /home/container/.pm2/rpc.sock
2024-10-24T18:08:38: PM2 log: BUS socket file      : /home/container/.pm2/pub.sock
2024-10-24T18:08:38: PM2 log: Application log path : /home/container/.pm2/logs
2024-10-24T18:08:38: PM2 log: Worker Interval      : 30000
2024-10-24T18:08:38: PM2 log: Process dump file    : /home/container/.pm2/dump.pm2
2024-10-24T18:08:38: PM2 log: Concurrent actions   : 2
2024-10-24T18:08:38: PM2 log: SIGTERM timeout      : 1600
2024-10-24T18:08:38: PM2 log: ===============================================================================
2024-10-24T18:08:40: PM2 log: App [echo bot :0] starting in -cluster mode-
2024-10-24T18:08:40: PM2 log: App [echo bot :0] online
2024-10-24T19:33:20: PM2 log: ===============================================================================
2024-10-24T19:33:20: PM2 log: --- New PM2 Daemon started ----------------------------------------------------
2024-10-24T19:33:20: PM2 log: Time                 : Thu Oct 24 2024 19:33:20 GMT+0000 (Coordinated Universal Time)
2024-10-24T19:33:20: PM2 log: PM2 version          : 5.4.2
2024-10-24T19:33:20: PM2 log: Node.js version      : 20.18.0
2024-10-24T19:33:20: PM2 log: Current arch         : x64
2024-10-24T19:33:20: PM2 log: PM2 home             : /home/container/.pm2
2024-10-24T19:33:20: PM2 log: PM2 PID file         : /home/container/.pm2/pm2.pid
2024-10-24T19:33:20: PM2 log: RPC socket file      : /home/container/.pm2/rpc.sock
2024-10-24T19:33:20: PM2 log: BUS socket file      : /home/container/.pm2/pub.sock
2024-10-24T19:33:20: PM2 log: Application log path : /home/container/.pm2/logs
2024-10-24T19:33:20: PM2 log: Worker Interval      : 30000
2024-10-24T19:33:20: PM2 log: Process dump file    : /home/container/.pm2/dump.pm2
2024-10-24T19:33:20: PM2 log: Concurrent actions   : 2
2024-10-24T19:33:20: PM2 log: SIGTERM timeout      : 1600
2024-10-24T19:33:20: PM2 log: ===============================================================================
2024-10-24T19:33:20: PM2 log: App [echo bot :0] starting in -cluster mode-
2024-10-24T19:33:20: PM2 log: App [echo bot :0] online
2024-10-26T19:46:26: PM2 log: [PM2][WORKER] Process 0 restarted because it exceeds --max-memory-restart value (current_memory=1075163136 max_memory_limit=1073741824 [octets])
2024-10-26T19:46:26: PM2 log: App [echo bot :0] starting in -cluster mode-
2024-10-26T19:46:26: PM2 log: App [echo bot :0] online
2024-10-26T19:46:29: PM2 log: Stopping app:echo bot  id:_old_0
2024-10-26T19:46:29: PM2 log: pid=32 msg=failed to kill - retrying in 100ms
2024-10-26T19:46:29: PM2 log: pid=32 msg=failed to kill - retrying in 100ms
2024-10-26T19:46:29: PM2 log: pid=32 msg=failed to kill - retrying in 100ms
2024-10-26T19:46:30: PM2 log: pid=32 msg=failed to kill - retrying in 100ms
2024-10-26T19:46:30: PM2 log: pid=32 msg=failed to kill - retrying in 100ms
2024-10-26T19:46:30: PM2 log: pid=32 msg=failed to kill - retrying in 100ms
2024-10-26T19:46:30: PM2 log: pid=32 msg=failed to kill - retrying in 100ms
2024-10-26T19:46:30: PM2 log: App name:echo bot  id:_old_0 disconnected
2024-10-26T19:46:30: PM2 log: App [echo bot :_old_0] exited with code [0] via signal [SIGINT]
2024-10-26T19:46:30: PM2 log: pid=32 msg=process killed
2024-10-28T19:39:02: PM2 log: [PM2][WORKER] Process 0 restarted because it exceeds --max-memory-restart value (current_memory=1075269632 max_memory_limit=1073741824 [octets])
2024-10-28T19:39:02: PM2 log: App [echo bot :0] starting in -cluster mode-
2024-10-28T19:39:02: PM2 log: App [echo bot :0] online
2024-10-28T19:39:05: PM2 log: Stopping app:echo bot  id:_old_0
2024-10-28T19:39:05: PM2 log: pid=48 msg=failed to kill - retrying in 100ms
2024-10-28T19:39:05: PM2 log: pid=48 msg=failed to kill - retrying in 100ms
2024-10-28T19:39:05: PM2 log: pid=48 msg=failed to kill - retrying in 100ms
2024-10-28T19:39:05: PM2 log: pid=48 msg=failed to kill - retrying in 100ms
2024-10-28T19:39:06: PM2 log: App name:echo bot  id:_old_0 disconnected
2024-10-28T19:39:06: PM2 log: App [echo bot :_old_0] exited with code [0] via signal [SIGINT]
2024-10-28T19:39:06: PM2 log: pid=48 msg=process killed
2024-10-30T19:00:07: PM2 log: [PM2][WORKER] Process 0 restarted because it exceeds --max-memory-restart value (current_memory=1077604352 max_memory_limit=1073741824 [octets])
2024-10-30T19:00:07: PM2 log: App [echo bot :0] starting in -cluster mode-
2024-10-30T19:00:08: PM2 log: App [echo bot :0] online
2024-10-30T19:00:11: PM2 log: Stopping app:echo bot  id:_old_0
2024-10-30T19:00:11: PM2 log: pid=61 msg=failed to kill - retrying in 100ms
2024-10-30T19:00:11: PM2 log: pid=61 msg=failed to kill - retrying in 100ms
2024-10-30T19:00:11: PM2 log: pid=61 msg=failed to kill - retrying in 100ms
2024-10-30T19:00:11: PM2 log: pid=61 msg=failed to kill - retrying in 100ms
2024-10-30T19:00:11: PM2 log: pid=61 msg=failed to kill - retrying in 100ms
2024-10-30T19:00:11: PM2 log: pid=61 msg=failed to kill - retrying in 100ms
2024-10-30T19:00:11: PM2 log: pid=61 msg=failed to kill - retrying in 100ms
2024-10-30T19:00:12: PM2 log: pid=61 msg=failed to kill - retrying in 100ms
2024-10-30T19:00:12: PM2 log: pid=61 msg=failed to kill - retrying in 100ms
2024-10-30T19:00:12: PM2 log: pid=61 msg=failed to kill - retrying in 100ms
2024-10-30T19:00:12: PM2 log: App name:echo bot  id:_old_0 disconnected
2024-10-30T19:00:12: PM2 log: pid=61 msg=failed to kill - retrying in 100ms
2024-10-30T19:00:12: PM2 log: App [echo bot :_old_0] exited with code [0] via signal [SIGINT]
2024-10-30T19:00:12: PM2 log: pid=61 msg=process killed
2024-11-01T17:08:13: PM2 log: [PM2][WORKER] Process 0 restarted because it exceeds --max-memory-restart value (current_memory=1075859456 max_memory_limit=1073741824 [octets])
2024-11-01T17:08:13: PM2 log: App [echo bot :0] starting in -cluster mode-
2024-11-01T17:08:13: PM2 log: App [echo bot :0] online
2024-11-01T17:08:16: PM2 log: Stopping app:echo bot  id:_old_0
2024-11-01T17:08:16: PM2 log: pid=74 msg=failed to kill - retrying in 100ms
2024-11-01T17:08:17: PM2 log: pid=74 msg=failed to kill - retrying in 100ms
2024-11-01T17:08:17: PM2 log: pid=74 msg=failed to kill - retrying in 100ms
2024-11-01T17:08:17: PM2 log: pid=74 msg=failed to kill - retrying in 100ms
2024-11-01T17:08:17: PM2 log: pid=74 msg=failed to kill - retrying in 100ms
2024-11-01T17:08:17: PM2 log: App name:echo bot  id:_old_0 disconnected
2024-11-01T17:08:17: PM2 log: App [echo bot :_old_0] exited with code [0] via signal [SIGINT]
2024-11-01T17:08:17: PM2 log: pid=74 msg=process killed
2024-11-01T21:18:07: PM2 log: ===============================================================================
2024-11-01T21:18:07: PM2 log: --- New PM2 Daemon started ----------------------------------------------------
2024-11-01T21:18:07: PM2 log: Time                 : Fri Nov 01 2024 21:18:07 GMT+0000 (Coordinated Universal Time)
2024-11-01T21:18:07: PM2 log: PM2 version          : 5.4.2
2024-11-01T21:18:07: PM2 log: Node.js version      : 20.18.0
2024-11-01T21:18:07: PM2 log: Current arch         : x64
2024-11-01T21:18:07: PM2 log: PM2 home             : /home/container/.pm2
2024-11-01T21:18:07: PM2 log: PM2 PID file         : /home/container/.pm2/pm2.pid
2024-11-01T21:18:07: PM2 log: RPC socket file      : /home/container/.pm2/rpc.sock
2024-11-01T21:18:07: PM2 log: BUS socket file      : /home/container/.pm2/pub.sock
2024-11-01T21:18:07: PM2 log: Application log path : /home/container/.pm2/logs
2024-11-01T21:18:07: PM2 log: Worker Interval      : 30000
2024-11-01T21:18:07: PM2 log: Process dump file    : /home/container/.pm2/dump.pm2
2024-11-01T21:18:07: PM2 log: Concurrent actions   : 2
2024-11-01T21:18:07: PM2 log: SIGTERM timeout      : 1600
2024-11-01T21:18:07: PM2 log: ===============================================================================
2024-11-01T21:18:07: PM2 log: App [echo bot :0] starting in -cluster mode-
2024-11-01T21:18:08: PM2 log: App [echo bot :0] online
2024-11-01T21:51:22: PM2 log: ===============================================================================
2024-11-01T21:51:22: PM2 log: --- New PM2 Daemon started ----------------------------------------------------
2024-11-01T21:51:22: PM2 log: Time                 : Fri Nov 01 2024 21:51:22 GMT+0000 (Coordinated Universal Time)
2024-11-01T21:51:22: PM2 log: PM2 version          : 5.4.2
2024-11-01T21:51:22: PM2 log: Node.js version      : 20.18.0
2024-11-01T21:51:22: PM2 log: Current arch         : x64
2024-11-01T21:51:22: PM2 log: PM2 home             : /home/container/.pm2
2024-11-01T21:51:22: PM2 log: PM2 PID file         : /home/container/.pm2/pm2.pid
2024-11-01T21:51:22: PM2 log: RPC socket file      : /home/container/.pm2/rpc.sock
2024-11-01T21:51:22: PM2 log: BUS socket file      : /home/container/.pm2/pub.sock
2024-11-01T21:51:22: PM2 log: Application log path : /home/container/.pm2/logs
2024-11-01T21:51:22: PM2 log: Worker Interval      : 30000
2024-11-01T21:51:22: PM2 log: Process dump file    : /home/container/.pm2/dump.pm2
2024-11-01T21:51:22: PM2 log: Concurrent actions   : 2
2024-11-01T21:51:22: PM2 log: SIGTERM timeout      : 1600
2024-11-01T21:51:22: PM2 log: ===============================================================================
2024-11-01T21:51:24: PM2 log: App [echo bot :0] starting in -cluster mode-
2024-11-01T21:51:24: PM2 log: App [echo bot :0] online
2024-11-01T21:57:07: PM2 log: ===============================================================================
2024-11-01T21:57:07: PM2 log: --- New PM2 Daemon started ----------------------------------------------------
2024-11-01T21:57:07: PM2 log: Time                 : Fri Nov 01 2024 21:57:07 GMT+0000 (Coordinated Universal Time)
2024-11-01T21:57:07: PM2 log: PM2 version          : 5.4.2
2024-11-01T21:57:07: PM2 log: Node.js version      : 20.18.0
2024-11-01T21:57:07: PM2 log: Current arch         : x64
2024-11-01T21:57:07: PM2 log: PM2 home             : /home/container/.pm2
2024-11-01T21:57:07: PM2 log: PM2 PID file         : /home/container/.pm2/pm2.pid
2024-11-01T21:57:07: PM2 log: RPC socket file      : /home/container/.pm2/rpc.sock
2024-11-01T21:57:07: PM2 log: BUS socket file      : /home/container/.pm2/pub.sock
2024-11-01T21:57:07: PM2 log: Application log path : /home/container/.pm2/logs
2024-11-01T21:57:07: PM2 log: Worker Interval      : 30000
2024-11-01T21:57:07: PM2 log: Process dump file    : /home/container/.pm2/dump.pm2
2024-11-01T21:57:07: PM2 log: Concurrent actions   : 2
2024-11-01T21:57:07: PM2 log: SIGTERM timeout      : 1600
2024-11-01T21:57:07: PM2 log: ===============================================================================
2024-11-01T21:57:07: PM2 log: pm2 has been killed by signal, dumping process list before exit...
2024-11-01T21:57:07: PM2 log: Exited peacefully
2024-11-01T21:58:15: PM2 log: ===============================================================================
2024-11-01T21:58:15: PM2 log: --- New PM2 Daemon started ----------------------------------------------------
2024-11-01T21:58:15: PM2 log: Time                 : Fri Nov 01 2024 21:58:15 GMT+0000 (Coordinated Universal Time)
2024-11-01T21:58:15: PM2 log: PM2 version          : 5.4.2
2024-11-01T21:58:15: PM2 log: Node.js version      : 20.18.0
2024-11-01T21:58:15: PM2 log: Current arch         : x64
2024-11-01T21:58:15: PM2 log: PM2 home             : /home/container/.pm2
2024-11-01T21:58:15: PM2 log: PM2 PID file         : /home/container/.pm2/pm2.pid
2024-11-01T21:58:15: PM2 log: RPC socket file      : /home/container/.pm2/rpc.sock
2024-11-01T21:58:15: PM2 log: BUS socket file      : /home/container/.pm2/pub.sock
2024-11-01T21:58:15: PM2 log: Application log path : /home/container/.pm2/logs
2024-11-01T21:58:15: PM2 log: Worker Interval      : 30000
2024-11-01T21:58:15: PM2 log: Process dump file    : /home/container/.pm2/dump.pm2
2024-11-01T21:58:15: PM2 log: Concurrent actions   : 2
2024-11-01T21:58:15: PM2 log: SIGTERM timeout      : 1600
2024-11-01T21:58:15: PM2 log: ===============================================================================
2024-11-01T21:58:23: PM2 log: App [echo bot :0] starting in -cluster mode-
2024-11-01T21:58:23: PM2 log: App [echo bot :0] online
2024-11-01T22:17:57: PM2 log: App [echo bot :0] starting in -cluster mode-
2024-11-01T22:17:57: PM2 log: App [echo bot :0] online
2024-11-01T22:17:58: PM2 log: App [echo bot :0] starting in -cluster mode-
2024-11-01T22:17:58: PM2 log: App [echo bot :0] online
2024-11-01T22:18:00: PM2 log: Stopping app:echo bot  id:_old_0
2024-11-01T22:18:00: PM2 log: App name:echo bot  id:_old_0 disconnected
2024-11-01T22:18:00: PM2 log: App [echo bot :_old_0] exited with code [0] via signal [SIGINT]
2024-11-01T22:18:00: PM2 log: pid=80 msg=process killed
2024-11-01T22:18:01: PM2 error: AXM MONITOR Unknown id _old_0
2024-11-01T22:18:01: PM2 error: _old_0 : id unknown
2024-11-01T22:18:01: PM2 error: Trace: Error: _old_0 : id unknown
    at God.logAndGenerateError (/usr/lib/node_modules/pm2/lib/God/Methods.js:39:12)
    at God.stopProcessId (/usr/lib/node_modules/pm2/lib/God/ActionMethods.js:289:21)
    at God.deleteProcessId (/usr/lib/node_modules/pm2/lib/God/ActionMethods.js:366:9)
    at Timeout._onTimeout (/usr/lib/node_modules/pm2/lib/God/Reload.js:166:18)
    at listOnTimeout (node:internal/timers:581:17)
    at process.processTimers (node:internal/timers:519:7)
    at God.logAndGenerateError (/usr/lib/node_modules/pm2/lib/God/Methods.js:34:15)
    at /usr/lib/node_modules/pm2/lib/God/ActionMethods.js:367:30
    at God.stopProcessId (/usr/lib/node_modules/pm2/lib/God/ActionMethods.js:289:14)
    at God.deleteProcessId (/usr/lib/node_modules/pm2/lib/God/ActionMethods.js:366:9)
    at Timeout._onTimeout (/usr/lib/node_modules/pm2/lib/God/Reload.js:166:18)
    at listOnTimeout (node:internal/timers:581:17)
    at process.processTimers (node:internal/timers:519:7)
2024-11-01T22:18:02: PM2 error: AXM MONITOR Unknown id _old_0
2024-11-01T22:18:03: PM2 error: AXM MONITOR Unknown id _old_0
2024-11-01T22:18:04: PM2 error: AXM MONITOR Unknown id _old_0
2024-11-01T22:18:05: PM2 error: AXM MONITOR Unknown id _old_0
2024-11-01T22:18:06: PM2 error: AXM MONITOR Unknown id _old_0
2024-11-01T22:18:07: PM2 error: AXM MONITOR Unknown id _old_0
2024-11-01T22:18:08: PM2 error: AXM MONITOR Unknown id _old_0
2024-11-01T22:18:09: PM2 error: AXM MONITOR Unknown id _old_0
2024-11-01T22:18:10: PM2 error: AXM MONITOR Unknown id _old_0
2024-11-01T22:18:11: PM2 error: AXM MONITOR Unknown id _old_0
2024-11-01T22:18:12: PM2 error: AXM MONITOR Unknown id _old_0
2024-11-01T22:18:13: PM2 error: AXM MONITOR Unknown id _old_0
2024-11-01T22:18:14: PM2 error: AXM MONITOR Unknown id _old_0
2024-11-01T22:18:15: PM2 error: AXM MONITOR Unknown id _old_0
2024-11-01T22:18:16: PM2 error: AXM MONITOR Unknown id _old_0
2024-11-01T22:18:17: PM2 error: AXM MONITOR Unknown id _old_0
2024-11-01T22:18:18: PM2 error: AXM MONITOR Unknown id _old_0
2024-11-01T22:18:19: PM2 error: AXM MONITOR Unknown id _old_0
2024-11-01T22:18:20: PM2 error: AXM MONITOR Unknown id _old_0
2024-11-01T22:18:21: PM2 error: AXM MONITOR Unknown id _old_0
2024-11-01T22:18:22: PM2 error: AXM MONITOR Unknown id _old_0
2024-11-01T22:18:23: PM2 error: AXM MONITOR Unknown id _old_0
2024-11-01T22:18:24: PM2 error: AXM MONITOR Unknown id _old_0
2024-11-01T22:18:25: PM2 error: AXM MONITOR Unknown id _old_0
2024-11-01T22:18:26: PM2 error: AXM MONITOR Unknown id _old_0
2024-11-01T22:18:27: PM2 error: AXM MONITOR Unknown id _old_0
2024-11-01T22:18:28: PM2 error: AXM MONITOR Unknown id _old_0
2024-11-01T22:18:29: PM2 error: AXM MONITOR Unknown id _old_0
2024-11-01T22:18:30: PM2 error: AXM MONITOR Unknown id _old_0
2024-11-01T22:18:31: PM2 error: AXM MONITOR Unknown id _old_0
2024-11-01T22:18:32: PM2 error: AXM MONITOR Unknown id _old_0
2024-11-01T22:18:33: PM2 error: AXM MONITOR Unknown id _old_0
2024-11-01T22:18:34: PM2 error: AXM MONITOR Unknown id _old_0
2024-11-01T22:18:35: PM2 error: AXM MONITOR Unknown id _old_0
2024-11-01T22:18:36: PM2 error: AXM MONITOR Unknown id _old_0
2024-11-01T22:18:37: PM2 error: AXM MONITOR Unknown id _old_0
2024-11-01T22:18:38: PM2 error: AXM MONITOR Unknown id _old_0
2024-11-01T22:18:38: PM2 error: AXM MONITOR Unknown id _old_0
2024-11-01T22:18:39: PM2 error: AXM MONITOR Unknown id _old_0
2024-11-01T22:18:40: PM2 error: AXM MONITOR Unknown id _old_0
2024-11-01T22:18:41: PM2 error: AXM MONITOR Unknown id _old_0
2024-11-01T22:18:42: PM2 error: AXM MONITOR Unknown id _old_0
2024-11-01T22:18:43: PM2 error: AXM MONITOR Unknown id _old_0
2024-11-01T22:18:44: PM2 error: AXM MONITOR Unknown id _old_0
2024-11-01T22:18:45: PM2 error: AXM MONITOR Unknown id _old_0
2024-11-01T22:18:46: PM2 error: AXM MONITOR Unknown id _old_0
2024-11-01T22:18:47: PM2 error: AXM MONITOR Unknown id _old_0
2024-11-01T22:18:48: PM2 error: AXM MONITOR Unknown id _old_0
2024-11-01T22:18:49: PM2 error: AXM MONITOR Unknown id _old_0
2024-11-01T22:18:50: PM2 error: AXM MONITOR Unknown id _old_0
2024-11-01T22:18:51: PM2 error: AXM MONITOR Unknown id _old_0
2024-11-01T22:18:52: PM2 error: AXM MONITOR Unknown id _old_0
2024-11-01T22:18:53: PM2 error: AXM MONITOR Unknown id _old_0
2024-11-01T22:18:54: PM2 error: AXM MONITOR Unknown id _old_0
2024-11-01T22:18:55: PM2 error: AXM MONITOR Unknown id _old_0
2024-11-01T22:18:56: PM2 error: AXM MONITOR Unknown id _old_0
2024-11-01T22:18:57: PM2 error: AXM MONITOR Unknown id _old_0
2024-11-01T22:18:58: PM2 error: AXM MONITOR Unknown id _old_0
2024-11-01T22:18:59: PM2 error: AXM MONITOR Unknown id _old_0
2024-11-01T22:19:01: PM2 error: AXM MONITOR Unknown id _old_0
2024-11-01T22:19:02: PM2 error: AXM MONITOR Unknown id _old_0
2024-11-01T22:19:02: PM2 error: AXM MONITOR Unknown id _old_0
2024-11-01T22:19:03: PM2 error: AXM MONITOR Unknown id _old_0
2024-11-01T22:19:04: PM2 error: AXM MONITOR Unknown id _old_0
2024-11-01T22:19:05: PM2 error: AXM MONITOR Unknown id _old_0
2024-11-01T22:19:06: PM2 error: AXM MONITOR Unknown id _old_0
2024-11-01T22:19:07: PM2 error: AXM MONITOR Unknown id _old_0
2024-11-01T22:19:08: PM2 error: AXM MONITOR Unknown id _old_0
2024-11-01T22:19:09: PM2 error: AXM MONITOR Unknown id _old_0
2024-11-01T22:19:10: PM2 error: AXM MONITOR Unknown id _old_0
2024-11-01T22:19:37: PM2 log: ===============================================================================
2024-11-01T22:19:37: PM2 log: --- New PM2 Daemon started ----------------------------------------------------
2024-11-01T22:19:37: PM2 log: Time                 : Fri Nov 01 2024 22:19:37 GMT+0000 (Coordinated Universal Time)
2024-11-01T22:19:37: PM2 log: PM2 version          : 5.4.2
2024-11-01T22:19:37: PM2 log: Node.js version      : 20.18.0
2024-11-01T22:19:37: PM2 log: Current arch         : x64
2024-11-01T22:19:37: PM2 log: PM2 home             : /home/container/.pm2
2024-11-01T22:19:37: PM2 log: PM2 PID file         : /home/container/.pm2/pm2.pid
2024-11-01T22:19:37: PM2 log: RPC socket file      : /home/container/.pm2/rpc.sock
2024-11-01T22:19:37: PM2 log: BUS socket file      : /home/container/.pm2/pub.sock
2024-11-01T22:19:37: PM2 log: Application log path : /home/container/.pm2/logs
2024-11-01T22:19:37: PM2 log: Worker Interval      : 30000
2024-11-01T22:19:37: PM2 log: Process dump file    : /home/container/.pm2/dump.pm2
2024-11-01T22:19:37: PM2 log: Concurrent actions   : 2
2024-11-01T22:19:37: PM2 log: SIGTERM timeout      : 1600
2024-11-01T22:19:37: PM2 log: ===============================================================================
2024-11-01T22:19:37: PM2 log: App [echo bot :0] starting in -cluster mode-
2024-11-01T22:19:37: PM2 log: App [echo bot :0] online
2024-11-02T20:35:01: PM2 log: App name:echo bot  id:0 disconnected
2024-11-02T20:35:01: PM2 log: App [echo bot :0] exited with code [0] via signal [SIGKILL]
2024-11-02T20:35:01: PM2 log: App [echo bot :0] starting in -cluster mode-
2024-11-02T20:35:02: PM2 error: Error caught while calling pidusage
2024-11-02T20:35:02: PM2 error: Error: No matching pid found
2024-11-02T20:35:02: PM2 error: Error caught while calling pidusage
2024-11-02T20:35:02: PM2 error: Error: No matching pid found
2024-11-02T20:35:02: PM2 error: Error caught while calling pidusage
2024-11-02T20:35:02: PM2 error: Error: No matching pid found
2024-11-02T20:35:03: PM2 log: App [echo bot :0] online
2024-11-02T23:43:22: PM2 log: ===============================================================================
2024-11-02T23:43:22: PM2 log: --- New PM2 Daemon started ----------------------------------------------------
2024-11-02T23:43:22: PM2 log: Time                 : Sat Nov 02 2024 23:43:22 GMT+0000 (Coordinated Universal Time)
2024-11-02T23:43:22: PM2 log: PM2 version          : 5.4.2
2024-11-02T23:43:22: PM2 log: Node.js version      : 20.18.0
2024-11-02T23:43:22: PM2 log: Current arch         : x64
2024-11-02T23:43:22: PM2 log: PM2 home             : /home/container/.pm2
2024-11-02T23:43:22: PM2 log: PM2 PID file         : /home/container/.pm2/pm2.pid
2024-11-02T23:43:22: PM2 log: RPC socket file      : /home/container/.pm2/rpc.sock
2024-11-02T23:43:22: PM2 log: BUS socket file      : /home/container/.pm2/pub.sock
2024-11-02T23:43:22: PM2 log: Application log path : /home/container/.pm2/logs
2024-11-02T23:43:22: PM2 log: Worker Interval      : 30000
2024-11-02T23:43:22: PM2 log: Process dump file    : /home/container/.pm2/dump.pm2
2024-11-02T23:43:22: PM2 log: Concurrent actions   : 2
2024-11-02T23:43:22: PM2 log: SIGTERM timeout      : 1600
2024-11-02T23:43:22: PM2 log: ===============================================================================
2024-11-02T23:43:25: PM2 log: App [echo bot :0] starting in -cluster mode-
2024-11-02T23:43:25: PM2 log: App [echo bot :0] online
