0 verbose cli /usr/bin/node /usr/bin/npm
1 info using npm@10.8.2
2 info using node@v20.18.0
3 silly config load:file:/usr/lib/node_modules/npm/npmrc
4 silly config load:file:/home/container/.npmrc
5 silly config load:file:/usr/etc/npmrc
6 verbose title npm outdate
7 verbose argv "outdate"
8 verbose logfile logs-max:10 dir:/home/container/.npm/_logs/2024-11-03T19_02_17_461Z-
9 verbose logfile /home/container/.npm/_logs/2024-11-03T19_02_17_461Z-debug-0.log
10 silly packumentCache heap:1056702464 maxSize:264175616 maxEntrySize:132087808
11 silly logfile done cleaning log files
12 verbose shrinkwrap failed to load node_modules/.package-lock.json out of date, updated: node_modules
13 http fetch GET 200 https://registry.npmjs.org/@discordjs%2fvoice 444ms (cache revalidated)
14 http fetch GET 200 https://registry.npmjs.org/common-tags 545ms (cache revalidated)
15 http fetch GET 200 https://registry.npmjs.org/bufferutil 559ms (cache revalidated)
16 http fetch GET 200 https://registry.npmjs.org/canvacord 567ms (cache revalidated)
17 http fetch GET 200 https://registry.npmjs.org/canvas 574ms (cache revalidated)
18 http fetch GET 200 https://registry.npmjs.org/cron 564ms (cache revalidated)
19 http fetch GET 200 https://registry.npmjs.org/dotenv 563ms (cache revalidated)
20 http fetch GET 200 https://registry.npmjs.org/booru 590ms (cache revalidated)
21 http fetch GET 200 https://registry.npmjs.org/discord-canvas 576ms (cache revalidated)
22 http fetch GET 200 https://registry.npmjs.org/discord.js 580ms (cache revalidated)
23 http fetch GET 200 https://registry.npmjs.org/@discordjs%2fbuilders 691ms (cache revalidated)
24 http fetch GET 200 https://registry.npmjs.org/@discordjs%2fopus 797ms (cache revalidated)
25 http fetch GET 200 https://registry.npmjs.org/erela.js 787ms (cache revalidated)
26 http fetch GET 200 https://registry.npmjs.org/erela.js-deezer 787ms (cache revalidated)
27 http fetch GET 200 https://registry.npmjs.org/got 783ms (cache revalidated)
28 http fetch GET 200 https://registry.npmjs.org/erela.js-facebook 795ms (cache revalidated)
29 http fetch GET 200 https://registry.npmjs.org/math-expression-evaluator 790ms (cache revalidated)
30 http fetch GET 200 https://registry.npmjs.org/cheerio 819ms (cache revalidated)
31 http fetch GET 200 https://registry.npmjs.org/rss-parser 785ms (cache revalidated)
32 http fetch GET 200 https://registry.npmjs.org/strip-ansi 783ms (cache revalidated)
33 http fetch GET 200 https://registry.npmjs.org/axios 835ms (cache revalidated)
34 http fetch GET 200 https://registry.npmjs.org/superagent 791ms (cache revalidated)
35 http fetch GET 200 https://registry.npmjs.org/request-promise-native 822ms (cache revalidated)
36 http fetch GET 200 https://registry.npmjs.org/translatte 818ms (cache revalidated)
37 http fetch GET 200 https://registry.npmjs.org/utf-8-validate 817ms (cache revalidated)
38 http fetch GET 200 https://registry.npmjs.org/weather-js 818ms (cache revalidated)
39 http fetch GET 200 https://registry.npmjs.org/tiktok-scraper 823ms (cache revalidated)
40 http fetch GET 200 https://registry.npmjs.org/twit 824ms (cache revalidated)
41 http fetch GET 200 https://registry.npmjs.org/wrap-ansi 829ms (cache revalidated)
42 http fetch GET 200 https://registry.npmjs.org/discord-backup 874ms (cache revalidated)
43 http fetch GET 200 https://registry.npmjs.org/yargs 837ms (cache revalidated)
44 http fetch GET 200 https://registry.npmjs.org/colors 891ms (cache revalidated)
45 http fetch GET 200 https://registry.npmjs.org/memer-api 879ms (cache revalidated)
46 http fetch GET 200 https://registry.npmjs.org/cpu-stat 905ms (cache revalidated)
47 http fetch GET 200 https://registry.npmjs.org/captcha-canvas 915ms (cache revalidated)
48 http fetch GET 200 https://registry.npmjs.org/random-puppy 892ms (cache revalidated)
49 http fetch GET 200 https://registry.npmjs.org/erela.js-spotify 916ms (cache revalidated)
50 http fetch GET 200 https://registry.npmjs.org/discord-giveaways 949ms (cache revalidated)
51 http fetch GET 200 https://registry.npmjs.org/enmap 1034ms (cache revalidated)
52 http fetch GET 200 https://registry.npmjs.org/nekos.life 1034ms (cache revalidated)
53 http fetch GET 200 https://registry.npmjs.org/random-words 1037ms (cache revalidated)
54 http fetch GET 200 https://registry.npmjs.org/anime-actions 1282ms (cache revalidated)
55 http fetch GET 200 https://registry.npmjs.org/radio-browser 1348ms (cache revalidated)
56 http fetch GET 200 https://registry.npmjs.org/@m3rcena%2fweky 1516ms (cache updated)
57 verbose cwd /home/container
58 verbose os Linux 6.11.0-8-generic
59 verbose node v20.18.0
60 verbose npm  v10.8.2
61 verbose exit 1
62 verbose code 1
