0 verbose cli /usr/bin/node /usr/bin/npm
1 info using npm@10.8.2
2 info using node@v20.18.0
3 silly config load:file:/usr/lib/node_modules/npm/npmrc
4 silly config load:file:/home/container/.npmrc
5 silly config load:file:/usr/etc/npmrc
6 verbose title npm outdate
7 verbose argv "outdate"
8 verbose logfile logs-max:10 dir:/home/container/.npm/_logs/2024-10-21T21_30_15_871Z-
9 verbose logfile /home/container/.npm/_logs/2024-10-21T21_30_15_871Z-debug-0.log
10 silly packumentCache heap:271581184 maxSize:67895296 maxEntrySize:33947648
11 silly logfile done cleaning log files
12 http fetch GET 200 https://registry.npmjs.org/axios 649ms (cache revalidated)
13 http fetch GET 200 https://registry.npmjs.org/canvacord 695ms (cache revalidated)
14 http fetch GET 200 https://registry.npmjs.org/common-tags 702ms (cache revalidated)
15 http fetch GET 200 https://registry.npmjs.org/anime-actions 716ms (cache revalidated)
16 http fetch GET 200 https://registry.npmjs.org/booru 719ms (cache revalidated)
17 http fetch GET 200 https://registry.npmjs.org/captcha-canvas 740ms (cache revalidated)
18 http fetch GET 200 https://registry.npmjs.org/bufferutil 749ms (cache revalidated)
19 http fetch GET 200 https://registry.npmjs.org/discord-backup 749ms (cache revalidated)
20 http fetch GET 200 https://registry.npmjs.org/cheerio 768ms (cache revalidated)
21 http fetch GET 200 https://registry.npmjs.org/discord-giveaways 813ms (cache revalidated)
22 http fetch GET 200 https://registry.npmjs.org/@discordjs%2fbuilders 853ms (cache revalidated)
23 http fetch GET 200 https://registry.npmjs.org/colors 985ms (cache revalidated)
24 http fetch GET 200 https://registry.npmjs.org/erela.js 973ms (cache revalidated)
25 http fetch GET 200 https://registry.npmjs.org/cpu-stat 988ms (cache revalidated)
26 http fetch GET 200 https://registry.npmjs.org/canvas 995ms (cache revalidated)
27 http fetch GET 200 https://registry.npmjs.org/discord-canvas 988ms (cache revalidated)
28 http fetch GET 200 https://registry.npmjs.org/erela.js-facebook 976ms (cache revalidated)
29 http fetch GET 200 https://registry.npmjs.org/dotenv 986ms (cache revalidated)
30 http fetch GET 200 https://registry.npmjs.org/discord.js 1023ms (cache revalidated)
31 http fetch GET 200 https://registry.npmjs.org/radio-browser 1200ms (cache revalidated)
32 http fetch GET 200 https://registry.npmjs.org/erela.js-deezer 1212ms (cache revalidated)
33 http fetch GET 200 https://registry.npmjs.org/enmap 1220ms (cache revalidated)
34 http fetch GET 200 https://registry.npmjs.org/got 1227ms (cache revalidated)
35 http fetch GET 200 https://registry.npmjs.org/math-expression-evaluator 1235ms (cache revalidated)
36 http fetch GET 200 https://registry.npmjs.org/@discordjs%2fvoice 1282ms (cache revalidated)
37 http fetch GET 200 https://registry.npmjs.org/@m3rcena%2fweky 1408ms (cache revalidated)
38 http fetch GET 200 https://registry.npmjs.org/erela.js-spotify 1379ms (cache revalidated)
39 http fetch GET 200 https://registry.npmjs.org/nekos.life 1374ms (cache revalidated)
40 http fetch GET 200 https://registry.npmjs.org/cron 1398ms (cache revalidated)
41 http fetch GET 200 https://registry.npmjs.org/memer-api 1383ms (cache revalidated)
42 http fetch GET 200 https://registry.npmjs.org/rss-parser 1382ms (cache revalidated)
43 http fetch GET 200 https://registry.npmjs.org/translatte 1383ms (cache revalidated)
44 http fetch GET 200 https://registry.npmjs.org/tiktok-scraper 1387ms (cache revalidated)
45 http fetch GET 200 https://registry.npmjs.org/request-promise-native 1401ms (cache revalidated)
46 http fetch GET 200 https://registry.npmjs.org/random-puppy 1406ms (cache revalidated)
47 http fetch GET 200 https://registry.npmjs.org/strip-ansi 1407ms (cache revalidated)
48 http fetch GET 200 https://registry.npmjs.org/utf-8-validate 1397ms (cache revalidated)
49 http fetch GET 200 https://registry.npmjs.org/twit 1401ms (cache revalidated)
50 http fetch GET 200 https://registry.npmjs.org/weather-js 1410ms (cache revalidated)
51 http fetch GET 200 https://registry.npmjs.org/wrap-ansi 1419ms (cache revalidated)
52 http fetch GET 200 https://registry.npmjs.org/@discordjs%2fopus 1487ms (cache revalidated)
53 http fetch GET 200 https://registry.npmjs.org/random-words 1443ms (cache revalidated)
54 http fetch GET 200 https://registry.npmjs.org/superagent 1436ms (cache revalidated)
55 http fetch GET 200 https://registry.npmjs.org/yargs 1432ms (cache revalidated)
56 verbose cwd /home/container
57 verbose os Linux 6.1.0-26-amd64
58 verbose node v20.18.0
59 verbose npm  v10.8.2
60 verbose exit 1
61 verbose code 1
