0 verbose cli /usr/bin/node /usr/bin/npm
1 info using npm@10.8.2
2 info using node@v20.18.0
3 silly config load:file:/usr/lib/node_modules/npm/npmrc
4 silly config load:file:/home/container/.npmrc
5 silly config load:file:/usr/etc/npmrc
6 verbose title npm outdate
7 verbose argv "outdate"
8 verbose logfile logs-max:10 dir:/home/container/.npm/_logs/2024-11-01T21_58_40_646Z-
9 verbose logfile /home/container/.npm/_logs/2024-11-01T21_58_40_646Z-debug-0.log
10 silly packumentCache heap:1056702464 maxSize:264175616 maxEntrySize:132087808
11 silly logfile done cleaning log files
12 verbose shrinkwrap failed to load node_modules/.package-lock.json out of date, updated: node_modules
13 http fetch GET 200 https://registry.npmjs.org/npm 431ms
14 http fetch GET 200 https://registry.npmjs.org/axios 1360ms (cache revalidated)
15 http fetch GET 200 https://registry.npmjs.org/bufferutil 1371ms (cache revalidated)
16 http fetch GET 200 https://registry.npmjs.org/@discordjs%2fopus 1381ms (cache revalidated)
17 http fetch GET 200 https://registry.npmjs.org/booru 1386ms (cache revalidated)
18 http fetch GET 200 https://registry.npmjs.org/canvas 1384ms (cache revalidated)
19 http fetch GET 200 https://registry.npmjs.org/erela.js-deezer 1355ms (cache revalidated)
20 http fetch GET 200 https://registry.npmjs.org/cheerio 1433ms (cache revalidated)
21 http fetch GET 200 https://registry.npmjs.org/canvacord 1479ms (cache revalidated)
22 http fetch GET 200 https://registry.npmjs.org/got 1435ms (cache revalidated)
23 http fetch GET 200 https://registry.npmjs.org/common-tags 1494ms (cache revalidated)
24 http fetch GET 200 https://registry.npmjs.org/memer-api 1479ms (cache revalidated)
25 http fetch GET 200 https://registry.npmjs.org/erela.js-spotify 1495ms (cache revalidated)
26 http fetch GET 200 https://registry.npmjs.org/math-expression-evaluator 1496ms (cache revalidated)
27 http fetch GET 200 https://registry.npmjs.org/random-puppy 1496ms (cache revalidated)
28 http fetch GET 200 https://registry.npmjs.org/erela.js-facebook 1507ms (cache revalidated)
29 http fetch GET 200 https://registry.npmjs.org/strip-ansi 1492ms (cache revalidated)
30 http fetch GET 200 https://registry.npmjs.org/erela.js 1656ms (cache revalidated)
31 http fetch GET 200 https://registry.npmjs.org/tiktok-scraper 1664ms (cache revalidated)
32 http fetch GET 200 https://registry.npmjs.org/request-promise-native 1685ms (cache revalidated)
33 http fetch GET 200 https://registry.npmjs.org/wrap-ansi 1686ms (cache revalidated)
34 http fetch GET 200 https://registry.npmjs.org/yargs 1704ms (cache revalidated)
35 http fetch GET 200 https://registry.npmjs.org/weather-js 1725ms (cache revalidated)
36 http fetch GET 200 https://registry.npmjs.org/captcha-canvas 1807ms (cache revalidated)
37 http fetch GET 200 https://registry.npmjs.org/twit 1737ms (cache revalidated)
38 http fetch GET 200 https://registry.npmjs.org/dotenv 1797ms (cache updated)
39 http fetch GET 200 https://registry.npmjs.org/enmap 1820ms (cache revalidated)
40 http fetch GET 200 https://registry.npmjs.org/cpu-stat 1854ms (cache revalidated)
41 http fetch GET 200 https://registry.npmjs.org/discord-canvas 1844ms (cache revalidated)
42 http fetch GET 200 https://registry.npmjs.org/colors 1872ms (cache updated)
43 http fetch GET 200 https://registry.npmjs.org/anime-actions 1908ms (cache revalidated)
44 http fetch GET 200 https://registry.npmjs.org/discord-backup 1865ms (cache revalidated)
45 http fetch GET 200 https://registry.npmjs.org/discord-giveaways 1864ms (cache revalidated)
46 http fetch GET 200 https://registry.npmjs.org/random-words 1873ms (cache revalidated)
47 http fetch GET 200 https://registry.npmjs.org/rss-parser 1869ms (cache revalidated)
48 http fetch GET 200 https://registry.npmjs.org/nekos.life 1889ms (cache revalidated)
49 http fetch GET 200 https://registry.npmjs.org/radio-browser 1895ms (cache revalidated)
50 http fetch GET 200 https://registry.npmjs.org/cron 1939ms (cache updated)
51 http fetch GET 200 https://registry.npmjs.org/utf-8-validate 1931ms (cache updated)
52 http fetch GET 200 https://registry.npmjs.org/superagent 2008ms (cache updated)
53 http fetch GET 200 https://registry.npmjs.org/translatte 2041ms (cache revalidated)
54 http fetch GET 200 https://registry.npmjs.org/@discordjs%2fvoice 2559ms (cache updated)
55 http fetch GET 200 https://registry.npmjs.org/@discordjs%2fbuilders 2672ms (cache updated)
56 http fetch GET 200 https://registry.npmjs.org/@m3rcena%2fweky 2769ms (cache updated)
57 http fetch GET 200 https://registry.npmjs.org/discord.js 2753ms (cache updated)
58 verbose cwd /home/container
59 verbose os Linux 6.11.0-8-generic
60 verbose node v20.18.0
61 verbose npm  v10.8.2
62 notice
62 notice New [33mminor[39m version of npm available! [33m10.8.2[39m -> [34m10.9.0[39m
62 notice Changelog: [34mhttps://github.com/npm/cli/releases/tag/v10.9.0[39m
62 notice To update run: [4mnpm install -g npm@10.9.0[24m
62 notice  { force: true, [Symbol(proc-log.meta)]: true }
63 verbose exit 1
64 verbose code 1
